
-----14-09-26 16:00:01--------------------
Content-Type: multipart/alternative;
	boundary="===============5339888016974683907=="
MIME-Version: 1.0
Subject: =?utf-8?q?Weekly_R=26D_Talk_TOP_3?=
From: RDPart@ubware.com
To: RDPart@ubware.com
Date: Fri, 26 Sep 2014 16:00:01 +0900

--===============5339888016974683907==
Content-Type: text/plain; charset="utf-8"
MIME-Version: 1.0
Content-Transfer-Encoding: base64

7JiB7Ja07ZWZ7JuQ67mE66eMIOyngOybkO2VtOyjvOyngCDrp5Dqs6AsIO2XrOyKpOyepeu5hOya
qeuPhCDsp4Dsm5DtlbTso7zrqbQg7KKL6rKg7J2MLCDrjIDsi6Ag65GY7KSRIO2VmOuCmOunjCDs
hKDtg53qsIDriqUsIGxpa2UgMjA3LCBkaXNsaWtlIDc2LCAxNC0wOS0yNCAxNzowMQrsppDqsbDs
mrQg7KO866eQIOuztOuCtOyEuOyalCwgbGlrZSAxMzMsIGRpc2xpa2UgMTksIDE0LTA5LTE5IDE4
OjAwCuyXsOq1rOq4sO2aje2MgOyXkCDsiJjshLjrr7gg67mM66CkIOqwgOyLoOu2hCDrj4zroKTs
o7zshLjsmpQuLCBsaWtlIDEwNiwgZGlzbGlrZSA2LCAxNC0wOS0yMiAxMTo0MA==

--===============5339888016974683907==
Content-Type: text/html; charset="utf-8"
MIME-Version: 1.0
Content-Transfer-Encoding: base64

PGRpdiBzdHlsZT0iYm9yZGVyLXJhZGl1czogNXB4O3BhZGRpbmc6MTVweDsgIG1hcmdpbjogMjBw
eDsgYmFja2dyb3VuZC1jb2xvcjpyZ2IoMTgsIDE5NCwgMTk5KTt3aWR0aDo3MCU7Ij4KPHNwYW4g
c3R5bGU9ImZvbnQtZmFtaWx5OiB2ZXJkYW5hOyBmb250LXNpemU6IGxhcmdlOyBmb250LXdlaWdo
dDogYm9sZDsgY29sb3I6d2hpdGU7ICI+V2Vla2x5IFImRCBUYWxrIFRPUCAzPC9zcGFuPgo8ZGl2
IHN0eWxlPSJib3JkZXItcmFkaXVzOjVweDtwYWRkaW5nOjE1cHg7bWFyZ2luOjIwcHg7Ym9yZGVy
OjFweCBzb2xpZCBncmF5O3dpZHRoOjkyJTtiYWNrZ3JvdW5kLWNvbG9yOndoaXRlOyI+Cgk8ZGl2
IHN0eWxlPSJmb250LWZhbWlseTpkb3R1bSx2ZXJkYW5hOyI+7JiB7Ja07ZWZ7JuQ67mE66eMIOyn
gOybkO2VtOyjvOyngCDrp5Dqs6AsIO2XrOyKpOyepeu5hOyaqeuPhCDsp4Dsm5DtlbTso7zrqbQg
7KKL6rKg7J2MLCDrjIDsi6Ag65GY7KSRIO2VmOuCmOunjCDshKDtg53qsIDriqU8L2Rpdj4KCTxk
aXYgc3R5bGU9ImZvbnQtc2l6ZTp4LXNtYWxsO2ZvbnQtZmFtaWx5OnZlcmRhbmE7Ij4gMTQtMDkt
MjQgMTc6MDEsIGxpa2UgMjA3LCBkaXNsaWtlIDc2PC9kaXY+CjwvZGl2PgoKPGRpdiBzdHlsZT0i
Ym9yZGVyLXJhZGl1czo1cHg7cGFkZGluZzoxNXB4O21hcmdpbjoyMHB4O2JvcmRlcjoxcHggc29s
aWQgZ3JheTt3aWR0aDo5MiU7YmFja2dyb3VuZC1jb2xvcjp3aGl0ZTsiPgoJPGRpdiBzdHlsZT0i
Zm9udC1mYW1pbHk6ZG90dW0sdmVyZGFuYTsiPuymkOqxsOyatCDso7zrp5Ag67O064K07IS47JqU
PC9kaXY+Cgk8ZGl2IHN0eWxlPSJmb250LXNpemU6eC1zbWFsbDtmb250LWZhbWlseTp2ZXJkYW5h
OyI+IDE0LTA5LTE5IDE4OjAwLCBsaWtlIDEzMywgZGlzbGlrZSAxOTwvZGl2Pgo8L2Rpdj4KCjxk
aXYgc3R5bGU9ImJvcmRlci1yYWRpdXM6NXB4O3BhZGRpbmc6MTVweDttYXJnaW46MjBweDtib3Jk
ZXI6MXB4IHNvbGlkIGdyYXk7d2lkdGg6OTIlO2JhY2tncm91bmQtY29sb3I6d2hpdGU7Ij4KCTxk
aXYgc3R5bGU9ImZvbnQtZmFtaWx5OmRvdHVtLHZlcmRhbmE7Ij7sl7DqtazquLDtmo3tjIDsl5Ag
7IiY7IS466+4IOu5jOugpCDqsIDsi6DrtoQg64+M66Ck7KO87IS47JqULjwvZGl2PgoJPGRpdiBz
dHlsZT0iZm9udC1zaXplOngtc21hbGw7Zm9udC1mYW1pbHk6dmVyZGFuYTsiPiAxNC0wOS0yMiAx
MTo0MCwgbGlrZSAxMDYsIGRpc2xpa2UgNjwvZGl2Pgo8L2Rpdj4KCjwvZGl2PgoK

--===============5339888016974683907==--

-----14-10-02 16:00:01--------------------
Content-Type: multipart/alternative;
	boundary="===============2970258675900567687=="
MIME-Version: 1.0
Subject: =?utf-8?q?Weekly_R=26D_Talk_TOP_3?=
From: RDPart@ubware.com
To: RDPart@ubware.com
Date: Thu, 02 Oct 2014 16:00:01 +0900

--===============2970258675900567687==
Content-Type: text/plain; charset="utf-8"
MIME-Version: 1.0
Content-Transfer-Encoding: base64

7IaM7Ya17J2EIOqwleygnO2VmOuKlCDqsoPsnbTslbzrp5DroZwg67aI7Ya17J20IOyVhOuLiOuN
mOqwgD8gIOuUse2eiCDqtoHquIjtlZwg6rKD64+EIOyXhuuKlOuNsCwgbGlrZSAxNzgsIGRpc2xp
a2UgMzgsIDE0LTA5LTMwIDE1OjE0Cnd3dy5wcm9qZWN0ZXVsZXIubmV0IOyXkOyEnCDslYzqs6Dr
pqzsppgg6rO167aA7ZWY6riwIOyii+uEpOyalCwgbGlrZSAxMDQsIGRpc2xpa2UgMCwgMTQtMTAt
MDIgMTA6NTgK7YyM7Yq466+47YyFIOyVhOy5qOyXkCDtlZjsp4Ag66eI7JqUfiDslYTsuajsl5Ag
7J287LCN7Jik6riwIO2emOuTpOyWtOyalH4sIGxpa2UgODgsIGRpc2xpa2UgMjMsIDE0LTEwLTAy
IDEyOjIw

--===============2970258675900567687==
Content-Type: text/html; charset="utf-8"
MIME-Version: 1.0
Content-Transfer-Encoding: base64

PGRpdiBzdHlsZT0iYm9yZGVyLXJhZGl1czogNXB4O3BhZGRpbmc6MTVweDsgIG1hcmdpbjogMjBw
eDsgYmFja2dyb3VuZC1jb2xvcjpyZ2IoMTgsIDE5NCwgMTk5KTt3aWR0aDo3MCU7Ij4KPHNwYW4g
c3R5bGU9ImZvbnQtZmFtaWx5OiB2ZXJkYW5hOyBmb250LXNpemU6IGxhcmdlOyBmb250LXdlaWdo
dDogYm9sZDsgY29sb3I6d2hpdGU7ICI+V2Vla2x5IFImRCBUYWxrIFRPUCAzPC9zcGFuPgo8ZGl2
IHN0eWxlPSJib3JkZXItcmFkaXVzOjVweDtwYWRkaW5nOjE1cHg7bWFyZ2luOjIwcHg7Ym9yZGVy
OjFweCBzb2xpZCBncmF5O3dpZHRoOjkyJTtiYWNrZ3JvdW5kLWNvbG9yOndoaXRlOyI+Cgk8ZGl2
IHN0eWxlPSJmb250LWZhbWlseTpkb3R1bSx2ZXJkYW5hOyI+7IaM7Ya17J2EIOqwleygnO2VmOuK
lCDqsoPsnbTslbzrp5DroZwg67aI7Ya17J20IOyVhOuLiOuNmOqwgD8gIOuUse2eiCDqtoHquIjt
lZwg6rKD64+EIOyXhuuKlOuNsDwvZGl2PgoJPGRpdiBzdHlsZT0iZm9udC1zaXplOngtc21hbGw7
Zm9udC1mYW1pbHk6dmVyZGFuYTsiPiAxNC0wOS0zMCAxNToxNCwgbGlrZSAxNzgsIGRpc2xpa2Ug
Mzg8L2Rpdj4KPC9kaXY+Cgo8ZGl2IHN0eWxlPSJib3JkZXItcmFkaXVzOjVweDtwYWRkaW5nOjE1
cHg7bWFyZ2luOjIwcHg7Ym9yZGVyOjFweCBzb2xpZCBncmF5O3dpZHRoOjkyJTtiYWNrZ3JvdW5k
LWNvbG9yOndoaXRlOyI+Cgk8ZGl2IHN0eWxlPSJmb250LWZhbWlseTpkb3R1bSx2ZXJkYW5hOyI+
d3d3LnByb2plY3RldWxlci5uZXQg7JeQ7IScIOyVjOqzoOumrOymmCDqs7XrtoDtlZjquLAg7KKL
64Sk7JqUPC9kaXY+Cgk8ZGl2IHN0eWxlPSJmb250LXNpemU6eC1zbWFsbDtmb250LWZhbWlseTp2
ZXJkYW5hOyI+IDE0LTEwLTAyIDEwOjU4LCBsaWtlIDEwNCwgZGlzbGlrZSAwPC9kaXY+CjwvZGl2
PgoKPGRpdiBzdHlsZT0iYm9yZGVyLXJhZGl1czo1cHg7cGFkZGluZzoxNXB4O21hcmdpbjoyMHB4
O2JvcmRlcjoxcHggc29saWQgZ3JheTt3aWR0aDo5MiU7YmFja2dyb3VuZC1jb2xvcjp3aGl0ZTsi
PgoJPGRpdiBzdHlsZT0iZm9udC1mYW1pbHk6ZG90dW0sdmVyZGFuYTsiPu2MjO2KuOuvuO2MhSDs
lYTsuajsl5Ag7ZWY7KeAIOuniOyalH4g7JWE7Lmo7JeQIOydvOywjeyYpOq4sCDtnpjrk6TslrTs
mpR+PC9kaXY+Cgk8ZGl2IHN0eWxlPSJmb250LXNpemU6eC1zbWFsbDtmb250LWZhbWlseTp2ZXJk
YW5hOyI+IDE0LTEwLTAyIDEyOjIwLCBsaWtlIDg4LCBkaXNsaWtlIDIzPC9kaXY+CjwvZGl2PgoK
PC9kaXY+Cgo=

--===============2970258675900567687==--

-----14-10-08 16:00:01--------------------
Content-Type: multipart/alternative;
	boundary="===============0429681432405581831=="
MIME-Version: 1.0
Subject: =?utf-8?q?Weekly_R=26D_Talk_TOP_3?=
From: RDPart@ubware.com
To: RDPart@ubware.com
Date: Wed, 08 Oct 2014 16:00:01 +0900

--===============0429681432405581831==
Content-Type: text/plain; charset="utf-8"
MIME-Version: 1.0
Content-Transfer-Encoding: base64

7Jqw66asIOybkOuRkCDrsJTqv5Tri6zrnbztlZjrqbQg7JWI65CY64KY7JqUPywgbGlrZSA3Niwg
ZGlzbGlrZSA1NywgMTQtMDktMzAgMTA6NDAK64Kg7JSo6rCAIOq/gOq/gO2VmOqzoCDsjIDsjIDt
lZjri4gg66ek7L2k7ZWcIOuWoeu9geydtOyXkCDsmKTrjoUg6rWt66y87J20IOuoueqzoCDsi7br
hKTsmpQuLCBsaWtlIDE4LCBkaXNsaWtlIDMsIDE0LTEwLTAyIDE1OjIxCuqwgOyhseydmCDrgqDs
nbTrnbzqs6Ag7J287LCN7Ye06re87ZWY652866m0IOuBvOumrOuBvOumrCDrqqjsl6wg64aA65+s
6rCQLCBsaWtlIDI1LCBkaXNsaWtlIDEwLCAxNC0wOS0yNCAxODoxMg==

--===============0429681432405581831==
Content-Type: text/html; charset="utf-8"
MIME-Version: 1.0
Content-Transfer-Encoding: base64

PGRpdiBzdHlsZT0iYm9yZGVyLXJhZGl1czogNXB4O3BhZGRpbmc6MTVweDsgIG1hcmdpbjogMjBw
eDsgYmFja2dyb3VuZC1jb2xvcjpyZ2IoMTgsIDE5NCwgMTk5KTt3aWR0aDo3MCU7Ij4KPHNwYW4g
c3R5bGU9ImZvbnQtZmFtaWx5OiB2ZXJkYW5hOyBmb250LXNpemU6IGxhcmdlOyBmb250LXdlaWdo
dDogYm9sZDsgY29sb3I6d2hpdGU7ICI+V2Vla2x5IFImRCBUYWxrIFRPUCAzPC9zcGFuPgo8ZGl2
IHN0eWxlPSJib3JkZXItcmFkaXVzOjVweDtwYWRkaW5nOjE1cHg7bWFyZ2luOjIwcHg7Ym9yZGVy
OjFweCBzb2xpZCBncmF5O3dpZHRoOjkyJTtiYWNrZ3JvdW5kLWNvbG9yOndoaXRlOyI+Cgk8ZGl2
IHN0eWxlPSJmb250LWZhbWlseTpkb3R1bSx2ZXJkYW5hOyI+7Jqw66asIOybkOuRkCDrsJTqv5Tr
i6zrnbztlZjrqbQg7JWI65CY64KY7JqUPzwvZGl2PgoJPGRpdiBzdHlsZT0iZm9udC1zaXplOngt
c21hbGw7Zm9udC1mYW1pbHk6dmVyZGFuYTsiPiAxNC0wOS0zMCAxMDo0MCwgbGlrZSA3NiwgZGlz
bGlrZSA1NzwvZGl2Pgo8L2Rpdj4KCjxkaXYgc3R5bGU9ImJvcmRlci1yYWRpdXM6NXB4O3BhZGRp
bmc6MTVweDttYXJnaW46MjBweDtib3JkZXI6MXB4IHNvbGlkIGdyYXk7d2lkdGg6OTIlO2JhY2tn
cm91bmQtY29sb3I6d2hpdGU7Ij4KCTxkaXYgc3R5bGU9ImZvbnQtZmFtaWx5OmRvdHVtLHZlcmRh
bmE7Ij7rgqDslKjqsIAg6r+A6r+A7ZWY6rOgIOyMgOyMgO2VmOuLiCDrp6TsvaTtlZwg65ah672B
7J207JeQIOyYpOuOhSDqta3rrLzsnbQg66i56rOgIOyLtuuEpOyalC48L2Rpdj4KCTxkaXYgc3R5
bGU9ImZvbnQtc2l6ZTp4LXNtYWxsO2ZvbnQtZmFtaWx5OnZlcmRhbmE7Ij4gMTQtMTAtMDIgMTU6
MjEsIGxpa2UgMTgsIGRpc2xpa2UgMzwvZGl2Pgo8L2Rpdj4KCjxkaXYgc3R5bGU9ImJvcmRlci1y
YWRpdXM6NXB4O3BhZGRpbmc6MTVweDttYXJnaW46MjBweDtib3JkZXI6MXB4IHNvbGlkIGdyYXk7
d2lkdGg6OTIlO2JhY2tncm91bmQtY29sb3I6d2hpdGU7Ij4KCTxkaXYgc3R5bGU9ImZvbnQtZmFt
aWx5OmRvdHVtLHZlcmRhbmE7Ij7qsIDsobHsnZgg64Kg7J2065286rOgIOydvOywje2HtOq3vO2V
mOudvOuptCDrgbzrpqzrgbzrpqwg66qo7JesIOuGgOufrOqwkDwvZGl2PgoJPGRpdiBzdHlsZT0i
Zm9udC1zaXplOngtc21hbGw7Zm9udC1mYW1pbHk6dmVyZGFuYTsiPiAxNC0wOS0yNCAxODoxMiwg
bGlrZSAyNSwgZGlzbGlrZSAxMDwvZGl2Pgo8L2Rpdj4KCjwvZGl2PgoK

--===============0429681432405581831==--

-----14-10-17 16:00:01--------------------
Content-Type: multipart/alternative;
	boundary="===============0789490020191172712=="
MIME-Version: 1.0
Subject: =?utf-8?q?Weekly_R=26D_Talk_TOP_3?=
From: RDPart@ubware.com
To: RDPart@ubware.com
Date: Fri, 17 Oct 2014 16:00:01 +0900

--===============0789490020191172712==
Content-Type: text/plain; charset="utf-8"
MIME-Version: 1.0
Content-Transfer-Encoding: base64

6rCc67Cc7J6Q7JeQ6rKMIOuFuO2KuOu2geydgCDsmZzslYjso7zripTqsbDslbw/LCBsaWtlIDYx
LCBkaXNsaWtlIDAsIDE0LTEwLTE2IDE0OjM2CuyVhOy5qCDquYDrsKXsnbQg6re466a964ukLi4u
Li4uLi4uLi4uLCBsaWtlIDU5LCBkaXNsaWtlIDAsIDE0LTEwLTE3IDA5OjE4CuuDieyepeqzoCDt
lZzrsogg7KCV66asIO2VtOyalC4sIGxpa2UgNTQsIGRpc2xpa2UgMCwgMTQtMTAtMTYgMTM6NTU=

--===============0789490020191172712==
Content-Type: text/html; charset="utf-8"
MIME-Version: 1.0
Content-Transfer-Encoding: base64

PGRpdiBzdHlsZT0iYm9yZGVyLXJhZGl1czogNXB4O3BhZGRpbmc6MTVweDsgIG1hcmdpbjogMjBw
eDsgYmFja2dyb3VuZC1jb2xvcjpyZ2IoMTgsIDE5NCwgMTk5KTt3aWR0aDo3MCU7Ij4KPHNwYW4g
c3R5bGU9ImZvbnQtZmFtaWx5OiB2ZXJkYW5hOyBmb250LXNpemU6IGxhcmdlOyBmb250LXdlaWdo
dDogYm9sZDsgY29sb3I6d2hpdGU7ICI+V2Vla2x5IFImRCBUYWxrIFRPUCAzPC9zcGFuPgo8ZGl2
IHN0eWxlPSJib3JkZXItcmFkaXVzOjVweDtwYWRkaW5nOjE1cHg7bWFyZ2luOjIwcHg7Ym9yZGVy
OjFweCBzb2xpZCBncmF5O3dpZHRoOjkyJTtiYWNrZ3JvdW5kLWNvbG9yOndoaXRlOyI+Cgk8ZGl2
IHN0eWxlPSJmb250LWZhbWlseTpkb3R1bSx2ZXJkYW5hOyI+6rCc67Cc7J6Q7JeQ6rKMIOuFuO2K
uOu2geydgCDsmZzslYjso7zripTqsbDslbw/PC9kaXY+Cgk8ZGl2IHN0eWxlPSJmb250LXNpemU6
eC1zbWFsbDtmb250LWZhbWlseTp2ZXJkYW5hOyI+IDE0LTEwLTE2IDE0OjM2LCBsaWtlIDYxLCBk
aXNsaWtlIDA8L2Rpdj4KPC9kaXY+Cgo8ZGl2IHN0eWxlPSJib3JkZXItcmFkaXVzOjVweDtwYWRk
aW5nOjE1cHg7bWFyZ2luOjIwcHg7Ym9yZGVyOjFweCBzb2xpZCBncmF5O3dpZHRoOjkyJTtiYWNr
Z3JvdW5kLWNvbG9yOndoaXRlOyI+Cgk8ZGl2IHN0eWxlPSJmb250LWZhbWlseTpkb3R1bSx2ZXJk
YW5hOyI+7JWE7LmoIOq5gOuwpeydtCDqt7jrpr3ri6QuLi4uLi4uLi4uLi48L2Rpdj4KCTxkaXYg
c3R5bGU9ImZvbnQtc2l6ZTp4LXNtYWxsO2ZvbnQtZmFtaWx5OnZlcmRhbmE7Ij4gMTQtMTAtMTcg
MDk6MTgsIGxpa2UgNTksIGRpc2xpa2UgMDwvZGl2Pgo8L2Rpdj4KCjxkaXYgc3R5bGU9ImJvcmRl
ci1yYWRpdXM6NXB4O3BhZGRpbmc6MTVweDttYXJnaW46MjBweDtib3JkZXI6MXB4IHNvbGlkIGdy
YXk7d2lkdGg6OTIlO2JhY2tncm91bmQtY29sb3I6d2hpdGU7Ij4KCTxkaXYgc3R5bGU9ImZvbnQt
ZmFtaWx5OmRvdHVtLHZlcmRhbmE7Ij7rg4nsnqXqs6Ag7ZWc67KIIOygleumrCDtlbTsmpQuPC9k
aXY+Cgk8ZGl2IHN0eWxlPSJmb250LXNpemU6eC1zbWFsbDtmb250LWZhbWlseTp2ZXJkYW5hOyI+
IDE0LTEwLTE2IDEzOjU1LCBsaWtlIDU0LCBkaXNsaWtlIDA8L2Rpdj4KPC9kaXY+Cgo8L2Rpdj4K
Cg==

--===============0789490020191172712==--

-----14-10-24 16:00:01--------------------
Content-Type: multipart/alternative;
	boundary="===============2036366596470493899=="
MIME-Version: 1.0
Subject: =?utf-8?q?Weekly_R=26D_Talk_TOP_3?=
From: RDPart@ubware.com
To: RDPart@ubware.com
Date: Fri, 24 Oct 2014 16:00:01 +0900

--===============2036366596470493899==
Content-Type: text/plain; charset="utf-8"
MIME-Version: 1.0
Content-Transfer-Encoding: base64

7ZqM7IKsIOyYtyDrp57stpzrlYwg7J207IGc6rG466GcIOyigCDtlbTspJjsmpQuLiDsuZnsuZnt
lZwg7ZqM7IOJIO2VmOyngCDrp5Dqs6AsIGxpa2UgNjQsIGRpc2xpa2UgMiwgMTQtMTAtMTYgMTM6
MjIK7ZWc64us7JeQIO2VnOuyiOyUqSDtjIAg64+M7JWEIOqwgOuptOyEnCDsoJXrpqwg67CPIOyy
reyGjCDtlZjripQg6rG466GcIOygle2WiOycvOuptCDsoovqsqDslrTsmpQuLCBsaWtlIDg3LCBk
aXNsaWtlIDM0LCAxNC0xMC0xNiAxMzo1NQrrhbjtirjrtoHsnLzroZwg67CU6r+U7KO87IS47JqU
IOuNsOyKpO2BrO2DkSDsobjrnbwg7Kex64KYLCBsaWtlIDU2LCBkaXNsaWtlIDMyLCAxNC0xMC0x
NiAxMjo1OA==

--===============2036366596470493899==
Content-Type: text/html; charset="utf-8"
MIME-Version: 1.0
Content-Transfer-Encoding: base64

PGRpdiBzdHlsZT0iYm9yZGVyLXJhZGl1czogNXB4O3BhZGRpbmc6MTVweDsgIG1hcmdpbjogMjBw
eDsgYmFja2dyb3VuZC1jb2xvcjpyZ2IoMTgsIDE5NCwgMTk5KTt3aWR0aDo3MCU7Ij4KPHNwYW4g
c3R5bGU9ImZvbnQtZmFtaWx5OiB2ZXJkYW5hOyBmb250LXNpemU6IGxhcmdlOyBmb250LXdlaWdo
dDogYm9sZDsgY29sb3I6d2hpdGU7ICI+V2Vla2x5IFImRCBUYWxrIFRPUCAzPC9zcGFuPgo8ZGl2
IHN0eWxlPSJib3JkZXItcmFkaXVzOjVweDtwYWRkaW5nOjE1cHg7bWFyZ2luOjIwcHg7Ym9yZGVy
OjFweCBzb2xpZCBncmF5O3dpZHRoOjkyJTtiYWNrZ3JvdW5kLWNvbG9yOndoaXRlOyI+Cgk8ZGl2
IHN0eWxlPSJmb250LWZhbWlseTpkb3R1bSx2ZXJkYW5hOyI+7ZqM7IKsIOyYtyDrp57stpzrlYwg
7J207IGc6rG466GcIOyigCDtlbTspJjsmpQuLiDsuZnsuZntlZwg7ZqM7IOJIO2VmOyngCDrp5Dq
s6A8L2Rpdj4KCTxkaXYgc3R5bGU9ImZvbnQtc2l6ZTp4LXNtYWxsO2ZvbnQtZmFtaWx5OnZlcmRh
bmE7Ij4gMTQtMTAtMTYgMTM6MjIsIGxpa2UgNjQsIGRpc2xpa2UgMjwvZGl2Pgo8L2Rpdj4KCjxk
aXYgc3R5bGU9ImJvcmRlci1yYWRpdXM6NXB4O3BhZGRpbmc6MTVweDttYXJnaW46MjBweDtib3Jk
ZXI6MXB4IHNvbGlkIGdyYXk7d2lkdGg6OTIlO2JhY2tncm91bmQtY29sb3I6d2hpdGU7Ij4KCTxk
aXYgc3R5bGU9ImZvbnQtZmFtaWx5OmRvdHVtLHZlcmRhbmE7Ij7tlZzri6zsl5Ag7ZWc67KI7JSp
IO2MgCDrj4zslYQg6rCA66m07IScIOygleumrCDrsI8g7LKt7IaMIO2VmOuKlCDqsbjroZwg7KCV
7ZaI7Jy866m0IOyii+qyoOyWtOyalC48L2Rpdj4KCTxkaXYgc3R5bGU9ImZvbnQtc2l6ZTp4LXNt
YWxsO2ZvbnQtZmFtaWx5OnZlcmRhbmE7Ij4gMTQtMTAtMTYgMTM6NTUsIGxpa2UgODcsIGRpc2xp
a2UgMzQ8L2Rpdj4KPC9kaXY+Cgo8ZGl2IHN0eWxlPSJib3JkZXItcmFkaXVzOjVweDtwYWRkaW5n
OjE1cHg7bWFyZ2luOjIwcHg7Ym9yZGVyOjFweCBzb2xpZCBncmF5O3dpZHRoOjkyJTtiYWNrZ3Jv
dW5kLWNvbG9yOndoaXRlOyI+Cgk8ZGl2IHN0eWxlPSJmb250LWZhbWlseTpkb3R1bSx2ZXJkYW5h
OyI+64W47Yq467aB7Jy866GcIOuwlOq/lOyjvOyEuOyalCDrjbDsiqTtgaztg5Eg7KG46528IOyn
seuCmDwvZGl2PgoJPGRpdiBzdHlsZT0iZm9udC1zaXplOngtc21hbGw7Zm9udC1mYW1pbHk6dmVy
ZGFuYTsiPiAxNC0xMC0xNiAxMjo1OCwgbGlrZSA1NiwgZGlzbGlrZSAzMjwvZGl2Pgo8L2Rpdj4K
CjwvZGl2PgoK

--===============2036366596470493899==--

-----14-10-31 16:00:02--------------------
Content-Type: multipart/alternative;
	boundary="===============5810388876733278803=="
MIME-Version: 1.0
Subject: =?utf-8?q?Weekly_R=26D_Talk_TOP_3?=
From: RDPart@ubware.com
To: RDPart@ubware.com
Date: Fri, 31 Oct 2014 16:00:02 +0900

--===============5810388876733278803==
Content-Type: text/plain; charset="utf-8"
MIME-Version: 1.0
Content-Transfer-Encoding: base64

7Jik64qYIO2ajOyCrOyXkCDslYTsnbTrnbzsnbgg7J207IGY6rKMIOq3uOumrOqzoCDsmKgg7IKs
656MIOyeiOuNmOuNsCEg67Sk7J2MPywgbGlrZSAxMjksIGRpc2xpa2UgMCwgMTQtMTAtMzAgMTU6
MDQK6re4IOyVhOydtOudvOyduCDsgr3ri4jri6QsIGxpa2UgMTAzLCBkaXNsaWtlIDEsIDE0LTEw
LTMxIDEzOjAyCuq3uOu2hOydgCDsoIDtnaztjIDsl5DshJwg67mE7KWs7Ja8IO2MjO2KuOulvCDr
i7Tri7ntlZjqs6Ag7J6I7Iq164uI64ukLCBsaWtlIDEwMiwgZGlzbGlrZSAwLCAxNC0xMC0zMSAx
Mjo1Mw==

--===============5810388876733278803==
Content-Type: text/html; charset="utf-8"
MIME-Version: 1.0
Content-Transfer-Encoding: base64

PGRpdiBzdHlsZT0iYm9yZGVyLXJhZGl1czogNXB4O3BhZGRpbmc6MTVweDsgIG1hcmdpbjogMjBw
eDsgYmFja2dyb3VuZC1jb2xvcjpyZ2IoMTgsIDE5NCwgMTk5KTt3aWR0aDo3MCU7Ij4KPHNwYW4g
c3R5bGU9ImZvbnQtZmFtaWx5OiB2ZXJkYW5hOyBmb250LXNpemU6IGxhcmdlOyBmb250LXdlaWdo
dDogYm9sZDsgY29sb3I6d2hpdGU7ICI+V2Vla2x5IFImRCBUYWxrIFRPUCAzPC9zcGFuPgo8ZGl2
IHN0eWxlPSJib3JkZXItcmFkaXVzOjVweDtwYWRkaW5nOjE1cHg7bWFyZ2luOjIwcHg7Ym9yZGVy
OjFweCBzb2xpZCBncmF5O3dpZHRoOjkyJTtiYWNrZ3JvdW5kLWNvbG9yOndoaXRlOyI+Cgk8ZGl2
IHN0eWxlPSJmb250LWZhbWlseTpkb3R1bSx2ZXJkYW5hOyI+7Jik64qYIO2ajOyCrOyXkCDslYTs
nbTrnbzsnbgg7J207IGY6rKMIOq3uOumrOqzoCDsmKgg7IKs656MIOyeiOuNmOuNsCEg67Sk7J2M
PzwvZGl2PgoJPGRpdiBzdHlsZT0iZm9udC1zaXplOngtc21hbGw7Zm9udC1mYW1pbHk6dmVyZGFu
YTsiPiAxNC0xMC0zMCAxNTowNCwgbGlrZSAxMjksIGRpc2xpa2UgMDwvZGl2Pgo8L2Rpdj4KCjxk
aXYgc3R5bGU9ImJvcmRlci1yYWRpdXM6NXB4O3BhZGRpbmc6MTVweDttYXJnaW46MjBweDtib3Jk
ZXI6MXB4IHNvbGlkIGdyYXk7d2lkdGg6OTIlO2JhY2tncm91bmQtY29sb3I6d2hpdGU7Ij4KCTxk
aXYgc3R5bGU9ImZvbnQtZmFtaWx5OmRvdHVtLHZlcmRhbmE7Ij7qt7gg7JWE7J2065287J24IOyC
veuLiOuLpDwvZGl2PgoJPGRpdiBzdHlsZT0iZm9udC1zaXplOngtc21hbGw7Zm9udC1mYW1pbHk6
dmVyZGFuYTsiPiAxNC0xMC0zMSAxMzowMiwgbGlrZSAxMDMsIGRpc2xpa2UgMTwvZGl2Pgo8L2Rp
dj4KCjxkaXYgc3R5bGU9ImJvcmRlci1yYWRpdXM6NXB4O3BhZGRpbmc6MTVweDttYXJnaW46MjBw
eDtib3JkZXI6MXB4IHNvbGlkIGdyYXk7d2lkdGg6OTIlO2JhY2tncm91bmQtY29sb3I6d2hpdGU7
Ij4KCTxkaXYgc3R5bGU9ImZvbnQtZmFtaWx5OmRvdHVtLHZlcmRhbmE7Ij7qt7jrtoTsnYAg7KCA
7Z2s7YyA7JeQ7IScIOu5hOylrOyWvCDtjIztirjrpbwg64u064u57ZWY6rOgIOyeiOyKteuLiOuL
pDwvZGl2PgoJPGRpdiBzdHlsZT0iZm9udC1zaXplOngtc21hbGw7Zm9udC1mYW1pbHk6dmVyZGFu
YTsiPiAxNC0xMC0zMSAxMjo1MywgbGlrZSAxMDIsIGRpc2xpa2UgMDwvZGl2Pgo8L2Rpdj4KCjwv
ZGl2PgoK

--===============5810388876733278803==--

-----14-11-07 16:00:01--------------------
Content-Type: multipart/alternative;
	boundary="===============4426676965513338509=="
MIME-Version: 1.0
Subject: =?utf-8?q?Weekly_R=26D_Talk_TOP_3?=
From: RDPart@ubware.com
To: RDPart@ubware.com
Date: Fri, 07 Nov 2014 16:00:01 +0900

--===============4426676965513338509==
Content-Type: text/plain; charset="utf-8"
MIME-Version: 1.0
Content-Transfer-Encoding: base64

7J207KCcIOuqqOuNuOungSDqtZDsnKEg7ZaI7Jy864uI6rmMIOuqqOuNuOungSDtlaAg7Iuc6rCE
IOygnOuMgOuhnCDso7zripQg6rG06rCA7JqUPywgbGlrZSA2NSwgZGlzbGlrZSAxLCAxNC0xMC0y
NywgTW9uCuuNlOufrOybjOyEnCDrqrvtlbTrqLnqsqDri6QuLCBsaWtlIDc2LCBkaXNsaWtlIDIy
LCAxNC0xMC0zMSwgRnJpCu2OmOultOuCnOuPhOqwgCDsnpjrqrsg7ZaI64SkLCBsaWtlIDM2LCBk
aXNsaWtlIDAsIDE0LTExLTA0LCBUdWU=

--===============4426676965513338509==
Content-Type: text/html; charset="utf-8"
MIME-Version: 1.0
Content-Transfer-Encoding: base64

PGRpdiBzdHlsZT0iYm9yZGVyLXJhZGl1czogNXB4O3BhZGRpbmc6MTVweDsgIG1hcmdpbjogMjBw
eDsgYmFja2dyb3VuZC1jb2xvcjpyZ2IoMTgsIDE5NCwgMTk5KTt3aWR0aDo3MCU7Ij4KPHNwYW4g
c3R5bGU9ImZvbnQtZmFtaWx5OiB2ZXJkYW5hOyBmb250LXNpemU6IGxhcmdlOyBmb250LXdlaWdo
dDogYm9sZDsgY29sb3I6d2hpdGU7ICI+V2Vla2x5IFImRCBUYWxrIFRPUCAzPC9zcGFuPgo8ZGl2
IHN0eWxlPSJib3JkZXItcmFkaXVzOjVweDtwYWRkaW5nOjE1cHg7bWFyZ2luOjIwcHg7Ym9yZGVy
OjFweCBzb2xpZCBncmF5O3dpZHRoOjkyJTtiYWNrZ3JvdW5kLWNvbG9yOndoaXRlOyI+Cgk8ZGl2
IHN0eWxlPSJmb250LWZhbWlseTpkb3R1bSx2ZXJkYW5hOyI+7J207KCcIOuqqOuNuOungSDqtZDs
nKEg7ZaI7Jy864uI6rmMIOuqqOuNuOungSDtlaAg7Iuc6rCEIOygnOuMgOuhnCDso7zripQg6rG0
6rCA7JqUPzwvZGl2PgoJPGRpdiBzdHlsZT0iZm9udC1zaXplOngtc21hbGw7Zm9udC1mYW1pbHk6
dmVyZGFuYTsiPiAxNC0xMC0yNywgTW9uLCBsaWtlIDY1LCBkaXNsaWtlIDE8L2Rpdj4KPC9kaXY+
Cgo8ZGl2IHN0eWxlPSJib3JkZXItcmFkaXVzOjVweDtwYWRkaW5nOjE1cHg7bWFyZ2luOjIwcHg7
Ym9yZGVyOjFweCBzb2xpZCBncmF5O3dpZHRoOjkyJTtiYWNrZ3JvdW5kLWNvbG9yOndoaXRlOyI+
Cgk8ZGl2IHN0eWxlPSJmb250LWZhbWlseTpkb3R1bSx2ZXJkYW5hOyI+642U65+s7JuM7IScIOuq
u+2VtOuoueqyoOuLpC48L2Rpdj4KCTxkaXYgc3R5bGU9ImZvbnQtc2l6ZTp4LXNtYWxsO2ZvbnQt
ZmFtaWx5OnZlcmRhbmE7Ij4gMTQtMTAtMzEsIEZyaSwgbGlrZSA3NiwgZGlzbGlrZSAyMjwvZGl2
Pgo8L2Rpdj4KCjxkaXYgc3R5bGU9ImJvcmRlci1yYWRpdXM6NXB4O3BhZGRpbmc6MTVweDttYXJn
aW46MjBweDtib3JkZXI6MXB4IHNvbGlkIGdyYXk7d2lkdGg6OTIlO2JhY2tncm91bmQtY29sb3I6
d2hpdGU7Ij4KCTxkaXYgc3R5bGU9ImZvbnQtZmFtaWx5OmRvdHVtLHZlcmRhbmE7Ij7tjpjrpbTr
gpzrj4TqsIAg7J6Y66q7IO2WiOuEpDwvZGl2PgoJPGRpdiBzdHlsZT0iZm9udC1zaXplOngtc21h
bGw7Zm9udC1mYW1pbHk6dmVyZGFuYTsiPiAxNC0xMS0wNCwgVHVlLCBsaWtlIDM2LCBkaXNsaWtl
IDA8L2Rpdj4KPC9kaXY+Cgo8L2Rpdj4KCg==

--===============4426676965513338509==--

-----14-11-14 16:00:01--------------------
Content-Type: multipart/alternative;
	boundary="===============0648438406786080116=="
MIME-Version: 1.0
Subject: =?utf-8?q?Weekly_R=26D_Talk_TOP_3?=
From: RDPart@ubware.com
To: RDPart@ubware.com
Date: Fri, 14 Nov 2014 16:00:01 +0900

--===============0648438406786080116==
Content-Type: text/plain; charset="utf-8"
MIME-Version: 1.0
Content-Transfer-Encoding: base64

7ZKI7KeI7ZiB7Iug7YyAIOyduOybkOy2qeybkOydgCDsl4brgpjsmpQ/IOykkeyalO2VnCDtkojs
p4jsnYQg64u064u57ZWY64qU642wIOyduOybkOydtCDrhIjrrLQg7KCB7J2AIOqygyDqsJnslYTs
mpQuLCBsaWtlIDY4LCBkaXNsaWtlIDMsIDE0LTExLTA3LCBGcmkK7JW86re8PeyXheustCDtj63s
o7wg65iQ64qUIOqwnOuwnOq4sOqwhCDrtoDsobHslYTri4zqsIDsmpQ/44WL44WL44WLLCBsaWtl
IDQ1LCBkaXNsaWtlIDIsIDE0LTExLTE0LCBGcmkK7JW86re8PeyduOybkOu2gOyhsS4uLuycvOuh
nOunjCDrs7zsiJgg7JeG7J2E6rKDIOqwmeyVhOyalCDri6TrpbjsnbTsnKDqsIAg7J6I7KeAIOyV
iuydhOq5jOyalD8sIGxpa2UgNDEsIGRpc2xpa2UgMSwgMTQtMTEtMTAsIE1vbg==

--===============0648438406786080116==
Content-Type: text/html; charset="utf-8"
MIME-Version: 1.0
Content-Transfer-Encoding: base64

PGRpdiBzdHlsZT0iYm9yZGVyLXJhZGl1czogNXB4O3BhZGRpbmc6MTVweDsgIG1hcmdpbjogMjBw
eDsgYmFja2dyb3VuZC1jb2xvcjpyZ2IoMTgsIDE5NCwgMTk5KTt3aWR0aDo3MCU7Ij4KPHNwYW4g
c3R5bGU9ImZvbnQtZmFtaWx5OiB2ZXJkYW5hOyBmb250LXNpemU6IGxhcmdlOyBmb250LXdlaWdo
dDogYm9sZDsgY29sb3I6d2hpdGU7ICI+V2Vla2x5IFImRCBUYWxrIFRPUCAzPC9zcGFuPgo8ZGl2
IHN0eWxlPSJib3JkZXItcmFkaXVzOjVweDtwYWRkaW5nOjE1cHg7bWFyZ2luOjIwcHg7Ym9yZGVy
OjFweCBzb2xpZCBncmF5O3dpZHRoOjkyJTtiYWNrZ3JvdW5kLWNvbG9yOndoaXRlOyI+Cgk8ZGl2
IHN0eWxlPSJmb250LWZhbWlseTpkb3R1bSx2ZXJkYW5hOyI+7ZKI7KeI7ZiB7Iug7YyAIOyduOyb
kOy2qeybkOydgCDsl4brgpjsmpQ/IOykkeyalO2VnCDtkojsp4jsnYQg64u064u57ZWY64qU642w
IOyduOybkOydtCDrhIjrrLQg7KCB7J2AIOqygyDqsJnslYTsmpQuPC9kaXY+Cgk8ZGl2IHN0eWxl
PSJmb250LXNpemU6eC1zbWFsbDtmb250LWZhbWlseTp2ZXJkYW5hOyI+IDE0LTExLTA3LCBGcmks
IGxpa2UgNjgsIGRpc2xpa2UgMzwvZGl2Pgo8L2Rpdj4KCjxkaXYgc3R5bGU9ImJvcmRlci1yYWRp
dXM6NXB4O3BhZGRpbmc6MTVweDttYXJnaW46MjBweDtib3JkZXI6MXB4IHNvbGlkIGdyYXk7d2lk
dGg6OTIlO2JhY2tncm91bmQtY29sb3I6d2hpdGU7Ij4KCTxkaXYgc3R5bGU9ImZvbnQtZmFtaWx5
OmRvdHVtLHZlcmRhbmE7Ij7slbzqt7w97JeF66y0IO2PreyjvCDrmJDripQg6rCc67Cc6riw6rCE
IOu2gOyhseyVhOuLjOqwgOyalD/jhYvjhYvjhYs8L2Rpdj4KCTxkaXYgc3R5bGU9ImZvbnQtc2l6
ZTp4LXNtYWxsO2ZvbnQtZmFtaWx5OnZlcmRhbmE7Ij4gMTQtMTEtMTQsIEZyaSwgbGlrZSA0NSwg
ZGlzbGlrZSAyPC9kaXY+CjwvZGl2PgoKPGRpdiBzdHlsZT0iYm9yZGVyLXJhZGl1czo1cHg7cGFk
ZGluZzoxNXB4O21hcmdpbjoyMHB4O2JvcmRlcjoxcHggc29saWQgZ3JheTt3aWR0aDo5MiU7YmFj
a2dyb3VuZC1jb2xvcjp3aGl0ZTsiPgoJPGRpdiBzdHlsZT0iZm9udC1mYW1pbHk6ZG90dW0sdmVy
ZGFuYTsiPuyVvOq3vD3snbjsm5DrtoDsobEuLi7snLzroZzrp4wg67O87IiYIOyXhuydhOqygyDq
sJnslYTsmpQg64uk66W47J207Jyg6rCAIOyeiOyngCDslYrsnYTquYzsmpQ/PC9kaXY+Cgk8ZGl2
IHN0eWxlPSJmb250LXNpemU6eC1zbWFsbDtmb250LWZhbWlseTp2ZXJkYW5hOyI+IDE0LTExLTEw
LCBNb24sIGxpa2UgNDEsIGRpc2xpa2UgMTwvZGl2Pgo8L2Rpdj4KCjwvZGl2PgoK

--===============0648438406786080116==--

-----15-02-13 16:17:25--------------------
Content-Type: multipart/alternative;
	boundary="===============8581727388317533037=="
MIME-Version: 1.0
Subject: =?utf-8?q?Weekly_R=26D_Talk_TOP_3?=
From: RDPart@ubware.com
To: RDPart@ubware.com
Date: Fri, 13 Feb 2015 16:17:25 +0900

--===============8581727388317533037==
Content-Type: text/plain; charset="utf-8"
MIME-Version: 1.0
Content-Transfer-Encoding: base64

6rmA66+47JilIOynsSwgbGlrZSAxMDYsIGRpc2xpa2UgMCwgMTUtMDItMTIsIFRodQpETVAg6rCc
67Cc7ZWY64qQ6528IOuqqOuRkOuTpCDqs6Dsg50g7ZWY7IWo7Iq164uI64ukfiwgbGlrZSA0MSwg
ZGlzbGlrZSAxLCAxNS0wMi0wOSwgTW9uCu2NvOu4lOumrOyLseyXkCDrj4Tsm4DsnYQg7KO87Iug
IOq5gOuvuOyYpSDqs7zsnqXri5gg6rCQ7IKs7ZWp64uI64ukfn5+ISEhLCBsaWtlIDI2LCBkaXNs
aWtlIDAsIDE1LTAyLTEyLCBUaHU=

--===============8581727388317533037==
Content-Type: text/html; charset="utf-8"
MIME-Version: 1.0
Content-Transfer-Encoding: base64

PGRpdiBzdHlsZT0iYm9yZGVyLXJhZGl1czogNXB4O3BhZGRpbmc6MTVweDsgIG1hcmdpbjogMjBw
eDsgYmFja2dyb3VuZC1jb2xvcjpyZ2IoMTgsIDE5NCwgMTk5KTt3aWR0aDo3MCU7Ij4KPHNwYW4g
c3R5bGU9ImZvbnQtZmFtaWx5OiB2ZXJkYW5hOyBmb250LXNpemU6IGxhcmdlOyBmb250LXdlaWdo
dDogYm9sZDsgY29sb3I6d2hpdGU7ICI+V2Vla2x5IFImRCBUYWxrIFRPUCAzPC9zcGFuPgo8ZGl2
IHN0eWxlPSJib3JkZXItcmFkaXVzOjVweDtwYWRkaW5nOjE1cHg7bWFyZ2luOjIwcHg7Ym9yZGVy
OjFweCBzb2xpZCBncmF5O3dpZHRoOjkyJTtiYWNrZ3JvdW5kLWNvbG9yOndoaXRlOyI+Cgk8ZGl2
IHN0eWxlPSJmb250LWZhbWlseTpkb3R1bSx2ZXJkYW5hOyI+6rmA66+47JilIOynsTwvZGl2PgoJ
PGRpdiBzdHlsZT0iZm9udC1zaXplOngtc21hbGw7Zm9udC1mYW1pbHk6dmVyZGFuYTsiPiAxNS0w
Mi0xMiwgVGh1LCBsaWtlIDEwNiwgZGlzbGlrZSAwPC9kaXY+CjwvZGl2PgoKPGRpdiBzdHlsZT0i
Ym9yZGVyLXJhZGl1czo1cHg7cGFkZGluZzoxNXB4O21hcmdpbjoyMHB4O2JvcmRlcjoxcHggc29s
aWQgZ3JheTt3aWR0aDo5MiU7YmFja2dyb3VuZC1jb2xvcjp3aGl0ZTsiPgoJPGRpdiBzdHlsZT0i
Zm9udC1mYW1pbHk6ZG90dW0sdmVyZGFuYTsiPkRNUCDqsJzrsJztlZjripDrnbwg66qo65GQ65Ok
IOqzoOyDnSDtlZjshajsirXri4jri6R+PC9kaXY+Cgk8ZGl2IHN0eWxlPSJmb250LXNpemU6eC1z
bWFsbDtmb250LWZhbWlseTp2ZXJkYW5hOyI+IDE1LTAyLTA5LCBNb24sIGxpa2UgNDEsIGRpc2xp
a2UgMTwvZGl2Pgo8L2Rpdj4KCjxkaXYgc3R5bGU9ImJvcmRlci1yYWRpdXM6NXB4O3BhZGRpbmc6
MTVweDttYXJnaW46MjBweDtib3JkZXI6MXB4IHNvbGlkIGdyYXk7d2lkdGg6OTIlO2JhY2tncm91
bmQtY29sb3I6d2hpdGU7Ij4KCTxkaXYgc3R5bGU9ImZvbnQtZmFtaWx5OmRvdHVtLHZlcmRhbmE7
Ij7tjbzruJTrpqzsi7Hsl5Ag64+E7JuA7J2EIOyjvOyLoCDquYDrr7jsmKUg6rO87J6l64uYIOqw
kOyCrO2VqeuLiOuLpH5+fiEhITwvZGl2PgoJPGRpdiBzdHlsZT0iZm9udC1zaXplOngtc21hbGw7
Zm9udC1mYW1pbHk6dmVyZGFuYTsiPiAxNS0wMi0xMiwgVGh1LCBsaWtlIDI2LCBkaXNsaWtlIDA8
L2Rpdj4KPC9kaXY+Cgo8L2Rpdj4KCg==

--===============8581727388317533037==--
