1


-----15-02-04 12:27:39--------------------
error [def list] : Error 61 connecting to 192.168.245.191:6379. Connection refused.

-----15-02-04 12:27:59--------------------
error [def list] : Error 61 connecting to 192.168.245.191:6379. Connection refused.

-----15-02-04 12:31:52--------------------
error [def list] : Error 61 connecting to 192.168.245.191:6379. Connection refused.

-----15-02-04 12:32:13--------------------
error [def list] : Error 61 connecting to 192.168.245.191:6379. Connection refused.

-----15-02-04 12:32:33--------------------
error [def list] : Error 61 connecting to 192.168.245.191:6379. Connection refused.

-----15-02-04 12:32:53--------------------
error [def list] : Error 61 connecting to 192.168.245.191:6379. Connection refused.

-----15-02-04 12:34:09--------------------
error [def list] : Error 61 connecting to 192.168.245.191:6379. Connection refused.

-----15-02-04 12:35:10--------------------
error [def list] : Error 61 connecting to 192.168.245.191:6379. Connection refused.

-----15-02-04 12:38:33--------------------
error [def list] : Error 61 connecting to 192.168.245.191:6379. Connection refused.

-----15-02-04 12:38:45--------------------
error [def list] : Error 61 connecting to 192.168.245.191:6379. Connection refused.

-----15-02-04 12:39:05--------------------
error [def list] : Error 61 connecting to 192.168.245.191:6379. Connection refused.

-----15-02-04 12:39:25--------------------
error [def list] : Error 61 connecting to 192.168.245.191:6379. Connection refused.

-----15-02-04 12:39:45--------------------
error [def list] : Error 61 connecting to 192.168.245.191:6379. Connection refused.

-----15-02-04 12:40:06--------------------
error [def list] : Error 61 connecting to 192.168.245.191:6379. Connection refused.

-----15-02-04 12:42:22--------------------
error [def list] : Error 61 connecting to 192.168.245.191:6379. Connection refused.

-----15-02-04 12:43:18--------------------
error [def list] : Error 61 connecting to 192.168.245.191:6379. Connection refused.

-----15-02-04 12:43:48--------------------
error [def list] : Error 61 connecting to 192.168.245.191:6379. Connection refused.

-----15-02-04 12:43:57--------------------
error [def list] : Error 61 connecting to 192.168.245.191:6379. Connection refused.

-----15-02-04 12:44:08--------------------
error [def list] : Error 61 connecting to 192.168.245.191:6379. Connection refused.

-----15-02-04 12:44:17--------------------
error [def list] : Error 61 connecting to 192.168.245.191:6379. Connection refused.

-----15-02-04 12:44:29--------------------
error [def list] : Error 61 connecting to 192.168.245.191:6379. Connection refused.

-----15-02-04 12:44:38--------------------
error [def list] : Error 61 connecting to 192.168.245.191:6379. Connection refused.

-----15-02-04 12:44:57--------------------
error [def list] : Error 61 connecting to 192.168.245.191:6379. Connection refused.

-----15-02-04 12:45:17--------------------
error [def list] : Error 61 connecting to 192.168.245.191:6379. Connection refused.

-----15-02-04 12:45:37--------------------
error [def list] : Error 61 connecting to 192.168.245.191:6379. Connection refused.

-----15-02-04 12:45:57--------------------
error [def list] : Error 61 connecting to 192.168.245.191:6379. Connection refused.

-----15-02-04 12:46:14--------------------
error [def list] : Error 61 connecting to 192.168.245.191:6379. Connection refused.

-----15-02-04 12:46:17--------------------
error [def list] : Error 61 connecting to 192.168.245.191:6379. Connection refused.

-----15-02-04 12:46:37--------------------
error [def list] : Error 61 connecting to 192.168.245.191:6379. Connection refused.

-----15-02-04 12:46:55--------------------
error [def list] : Error 61 connecting to 192.168.245.191:6379. Connection refused.

-----15-02-04 12:46:57--------------------
error [def list] : Error 61 connecting to 192.168.245.191:6379. Connection refused.

-----15-02-04 15:56:16--------------------
error [def list] : wrong number of arguments for 'mget' command

-----15-02-04 15:56:36--------------------
error [def list] : wrong number of arguments for 'mget' command

-----15-02-04 15:56:56--------------------
error [def list] : wrong number of arguments for 'mget' command

-----15-02-04 15:57:16--------------------
error [def list] : wrong number of arguments for 'mget' command

-----15-02-04 15:57:36--------------------
error [def list] : wrong number of arguments for 'mget' command

-----15-02-04 15:57:56--------------------
error [def list] : wrong number of arguments for 'mget' command

-----15-02-04 15:58:16--------------------
error [def list] : wrong number of arguments for 'mget' command

-----15-02-04 15:58:36--------------------
error [def list] : wrong number of arguments for 'mget' command

-----15-02-04 15:58:56--------------------
error [def list] : wrong number of arguments for 'mget' command

-----15-02-04 15:59:56--------------------
error [def list] : wrong number of arguments for 'mget' command

-----15-02-04 15:59:58--------------------
error [def list] : wrong number of arguments for 'mget' command

-----15-02-04 16:00:18--------------------
error [def list] : wrong number of arguments for 'mget' command

-----15-02-04 16:00:38--------------------
error [def list] : wrong number of arguments for 'mget' command

-----15-02-04 16:00:58--------------------
error [def list] : wrong number of arguments for 'mget' command

-----15-02-04 16:01:18--------------------
error [def list] : wrong number of arguments for 'mget' command

-----15-02-04 16:01:38--------------------
error [def list] : wrong number of arguments for 'mget' command

-----15-02-04 16:01:58--------------------
error [def list] : wrong number of arguments for 'mget' command

-----15-02-04 16:02:18--------------------
error [def list] : wrong number of arguments for 'mget' command

-----15-02-04 16:02:38--------------------
error [def list] : wrong number of arguments for 'mget' command

-----15-02-04 16:02:56--------------------
error [def list] : wrong number of arguments for 'mget' command

-----15-02-04 16:03:16--------------------
error [def list] : wrong number of arguments for 'mget' command

-----15-02-04 16:03:21--------------------
error [def list] : wrong number of arguments for 'mget' command

-----15-02-04 16:03:41--------------------
error [def list] : local variable 'e' referenced before assignment

-----15-02-04 16:03:45--------------------
error [def list] : local variable 'e' referenced before assignment

-----15-02-04 16:04:05--------------------
error [def list] : local variable 'e' referenced before assignment

-----15-02-04 16:04:25--------------------
error [def list] : local variable 'e' referenced before assignment

-----15-02-04 16:04:45--------------------
error [def list] : local variable 'e' referenced before assignment

-----15-02-04 16:05:56--------------------
testhoyoon

-----15-02-04 16:06:12--------------------
error [def list] : wrong number of arguments for 'mget' command

-----15-02-04 16:06:32--------------------
error [def list] : wrong number of arguments for 'mget' command

-----15-02-04 16:06:52--------------------
error [def list] : wrong number of arguments for 'mget' command

-----15-02-04 16:06:59--------------------
error [def list] : malformed string

-----15-02-04 16:07:29--------------------
error [def list] : malformed string

-----15-02-04 16:07:49--------------------
error [def list] : malformed string

-----15-02-04 16:08:09--------------------
error [def list] : malformed string

-----15-02-04 16:08:29--------------------
error [def list] : malformed string

-----15-02-04 16:08:49--------------------
error [def list] : Error 61 connecting to 127.0.0.1:6379. Connection refused.

-----15-02-04 16:09:09--------------------
error [def list] : Error 61 connecting to 127.0.0.1:6379. Connection refused.

-----15-02-04 16:09:29--------------------
error [def list] : Error 61 connecting to 127.0.0.1:6379. Connection refused.

-----15-02-04 16:09:49--------------------
error [def list] : Error 61 connecting to 127.0.0.1:6379. Connection refused.

-----15-02-04 16:24:17--------------------
error [def list] : Error 61 connecting to 127.0.0.1:6379. Connection refused.

-----15-02-04 16:24:37--------------------
error [def list] : Error 61 connecting to 127.0.0.1:6379. Connection refused.

-----15-02-04 16:24:57--------------------
error [def list] : Error 61 connecting to 127.0.0.1:6379. Connection refused.

-----15-02-04 16:25:17--------------------
error [def list] : Error 61 connecting to 127.0.0.1:6379. Connection refused.

-----15-02-04 16:25:37--------------------
error [def list] : Error 61 connecting to 127.0.0.1:6379. Connection refused.

-----15-02-04 16:25:57--------------------
error [def list] : Error 61 connecting to 127.0.0.1:6379. Connection refused.

-----15-02-04 16:26:17--------------------
error [def list] : Error 61 connecting to 127.0.0.1:6379. Connection refused.

-----15-02-04 16:26:37--------------------
error [def list] : Error 61 connecting to 127.0.0.1:6379. Connection refused.

-----15-02-04 16:26:57--------------------
error [def list] : Error 61 connecting to 127.0.0.1:6379. Connection refused.

-----15-02-04 16:37:17--------------------
error [def list] : Error 61 connecting to 127.0.0.1:6379. Connection refused.

-----15-02-04 16:38:11--------------------
error [def list] : Error 61 connecting to 127.0.0.1:6379. Connection refused.

-----15-02-06 08:20:43--------------------
error [def write] : 400: Bad Request

-----15-02-09 19:49:01--------------------
error [def write] : 400: Bad Request

-----15-02-09 20:30:34--------------------
error [def write] : 400: Bad Request

-----15-02-09 20:30:35--------------------
error [def write] : 400: Bad Request

-----15-02-09 20:30:35--------------------
error [def write] : 400: Bad Request

-----15-02-09 20:33:44--------------------
error [def write] : 400: Bad Request

-----15-02-09 20:34:43--------------------
error [def write] : 400: Bad Request

-----15-02-09 20:35:09--------------------
error [def write] : 400: Bad Request

-----15-02-09 20:36:34--------------------
start

-----15-02-09 20:38:52--------------------
Start

-----15-02-09 20:38:52--------------------
error [def write] : 400: Bad Request

-----15-02-09 20:41:12--------------------
Start1

-----15-02-09 20:41:12--------------------
error [def write] : 400: Bad Request

-----15-02-09 20:46:08--------------------
Start1

-----15-02-09 20:46:08--------------------
Start2

-----15-02-09 20:46:08--------------------
Start4

-----15-02-09 20:46:19--------------------
Start1

-----15-02-09 20:46:19--------------------
Start2

-----15-02-09 20:46:19--------------------
Start4

-----15-02-09 20:46:54--------------------
Start1

-----15-02-09 20:46:54--------------------
error [def write] : 400: Bad Request

-----15-02-09 20:48:02--------------------
error [def write] : cannot concatenate 'str' and 'dict' objects

-----15-02-09 20:48:53--------------------
hoyoon [def write] : {}

-----15-02-09 20:48:53--------------------
error [def write] : 400: Bad Request

-----15-02-09 20:56:13--------------------
error [def write] : 400: Bad Request
